C:\HL_SRC\OPENGG64\SRC_DLL\CL_DLL\RELEASE\HUD_SPECTATOR.OBJ
C:\HL_SRC\OPENGG64\SRC_DLL\CL_DLL\RELEASE\HUD_SERVERS.OBJ
C:\HL_SRC\OPENGG64\SRC_DLL\CL_DLL\RELEASE\HUD_REDRAW.OBJ
C:\HL_SRC\OPENGG64\SRC_DLL\CL_DLL\RELEASE\HUD_MSG.OBJ
C:\HL_SRC\OPENGG64\SRC_DLL\CL_DLL\RELEASE\HUD.OBJ
C:\HL_SRC\OPENGG64\SRC_DLL\CL_DLL\RELEASE\HEALTH.OBJ
C:\HL_SRC\OPENGG64\SRC_DLL\CL_DLL\RELEASE\GEIGER.OBJ
C:\HL_SRC\OPENGG64\SRC_DLL\CL_DLL\RELEASE\GAMESTUDIOMODELRENDERER.OBJ
C:\HL_SRC\OPENGG64\SRC_DLL\CL_DLL\RELEASE\FLASHLIGHT.OBJ
C:\HL_SRC\OPENGG64\SRC_DLL\CL_DLL\RELEASE\EVENTS.OBJ
C:\HL_SRC\OPENGG64\SRC_DLL\CL_DLL\RELEASE\EV_COMMON.OBJ
C:\HL_SRC\OPENGG64\SRC_DLL\CL_DLL\RELEASE\ENTITY.OBJ
C:\HL_SRC\OPENGG64\SRC_DLL\CL_DLL\RELEASE\DEMO.OBJ
C:\HL_SRC\OPENGG64\SRC_DLL\CL_DLL\RELEASE\DEATH.OBJ
C:\HL_SRC\OPENGG64\SRC_DLL\CL_DLL\RELEASE\COM_WEAPONS.OBJ
C:\HL_SRC\OPENGG64\SRC_DLL\CL_DLL\RELEASE\CDLL_INT.OBJ
C:\HL_SRC\OPENGG64\SRC_DLL\CL_DLL\RELEASE\BATTERY.OBJ
C:\HL_SRC\OPENGG64\SRC_DLL\CL_DLL\RELEASE\AMMOHISTORY.OBJ
C:\HL_SRC\OPENGG64\SRC_DLL\CL_DLL\RELEASE\AMMO_SECONDARY.OBJ
C:\HL_SRC\OPENGG64\SRC_DLL\CL_DLL\RELEASE\AMMO.OBJ
C:\HL_SRC\OPENGG64\SRC_DLL\CL_DLL\RELEASE\VGUI_CONTROLCONFIGPANEL.OBJ
C:\HL_SRC\OPENGG64\SRC_DLL\CL_DLL\RELEASE\VGUI_CONSOLEPANEL.OBJ
C:\HL_SRC\OPENGG64\SRC_DLL\CL_DLL\RELEASE\VGUI_CLASSMENU.OBJ
C:\HL_SRC\OPENGG64\SRC_DLL\CL_DLL\RELEASE\VGUI_CHECKBUTTON2.OBJ
C:\HL_SRC\OPENGG64\SRC_DLL\CL_DLL\RELEASE\UTIL.OBJ
C:\HL_SRC\OPENGG64\SRC_DLL\CL_DLL\RELEASE\TRI.OBJ
C:\HL_SRC\OPENGG64\SRC_DLL\CL_DLL\RELEASE\TRAIN.OBJ
C:\HL_SRC\OPENGG64\SRC_DLL\CL_DLL\RELEASE\TEXT_MESSAGE.OBJ
C:\HL_SRC\OPENGG64\SRC_DLL\CL_DLL\RELEASE\STUDIOMODELRENDERER.OBJ
C:\HL_SRC\OPENGG64\SRC_DLL\CL_DLL\RELEASE\STUDIO_UTIL.OBJ
C:\HL_SRC\OPENGG64\SRC_DLL\CL_DLL\RELEASE\STATUSBAR.OBJ
C:\HL_SRC\OPENGG64\SRC_DLL\CL_DLL\RELEASE\STATUS_ICONS.OBJ
C:\HL_SRC\OPENGG64\SRC_DLL\CL_DLL\RELEASE\SAYTEXT.OBJ
C:\HL_SRC\OPENGG64\SRC_DLL\CL_DLL\RELEASE\PARSEMSG.OBJ
C:\HL_SRC\OPENGG64\SRC_DLL\CL_DLL\RELEASE\MESSAGE.OBJ
C:\HL_SRC\OPENGG64\SRC_DLL\CL_DLL\RELEASE\MENU.OBJ
C:\HL_SRC\OPENGG64\SRC_DLL\CL_DLL\RELEASE\INPUTW32.OBJ
C:\HL_SRC\OPENGG64\SRC_DLL\CL_DLL\RELEASE\INPUT.OBJ
C:\HL_SRC\OPENGG64\SRC_DLL\CL_DLL\RELEASE\IN_CAMERA.OBJ
C:\HL_SRC\OPENGG64\SRC_DLL\CL_DLL\RELEASE\HUD_UPDATE.OBJ
C:\HL_SRC\OPENGG64\SRC_DLL\CL_DLL\RELEASE\HANDGRENADE.OBJ
C:\HL_SRC\OPENGG64\SRC_DLL\CL_DLL\RELEASE\GAUSS.OBJ
C:\HL_SRC\OPENGG64\SRC_DLL\CL_DLL\RELEASE\EV_HLDM.OBJ
C:\HL_SRC\OPENGG64\SRC_DLL\CL_DLL\RELEASE\EGON.OBJ
C:\HL_SRC\OPENGG64\SRC_DLL\CL_DLL\RELEASE\CROWBAR.OBJ
C:\HL_SRC\OPENGG64\SRC_DLL\CL_DLL\RELEASE\CROSSBOW.OBJ
C:\HL_SRC\OPENGG64\SRC_DLL\CL_DLL\RELEASE\VIEW.OBJ
C:\HL_SRC\OPENGG64\SRC_DLL\CL_DLL\RELEASE\VGUI_TEAMMENU.OBJ
C:\HL_SRC\OPENGG64\SRC_DLL\CL_DLL\RELEASE\VGUI_TEAMFORTRESSVIEWPORT.OBJ
C:\HL_SRC\OPENGG64\SRC_DLL\CL_DLL\RELEASE\VGUI_SPECTATORPANEL.OBJ
C:\HL_SRC\OPENGG64\SRC_DLL\CL_DLL\RELEASE\VGUI_SERVERBROWSER.OBJ
C:\HL_SRC\OPENGG64\SRC_DLL\CL_DLL\RELEASE\VGUI_SCOREPANEL.OBJ
C:\HL_SRC\OPENGG64\SRC_DLL\CL_DLL\RELEASE\VGUI_SCHEMEMANAGER.OBJ
C:\HL_SRC\OPENGG64\SRC_DLL\CL_DLL\RELEASE\VGUI_MOTDWINDOW.OBJ
C:\HL_SRC\OPENGG64\SRC_DLL\CL_DLL\RELEASE\VGUI_LOADTGA.OBJ
C:\HL_SRC\OPENGG64\SRC_DLL\CL_DLL\RELEASE\VGUI_LISTBOX.OBJ
C:\HL_SRC\OPENGG64\SRC_DLL\CL_DLL\RELEASE\VGUI_INT.OBJ
C:\HL_SRC\OPENGG64\SRC_DLL\CL_DLL\RELEASE\VGUI_HELPERS.OBJ
C:\HL_SRC\OPENGG64\SRC_DLL\CL_DLL\RELEASE\VGUI_GRID.OBJ
C:\HL_SRC\OPENGG64\SRC_DLL\CL_DLL\RELEASE\VGUI_CUSTOMOBJECTS.OBJ
C:\HL_SRC\OPENGG64\SRC_DLL\CL_DLL\RELEASE\VOICE_STATUS.OBJ
C:\HL_SRC\OPENGG64\SRC_DLL\CL_DLL\RELEASE\VOICE_BANMGR.OBJ
C:\HL_SRC\OPENGG64\SRC_DLL\CL_DLL\RELEASE\VGUI_SLIDER2.OBJ
C:\HL_SRC\OPENGG64\SRC_DLL\CL_DLL\RELEASE\VGUI_SCROLLBAR2.OBJ
C:\HL_SRC\OPENGG64\SRC_DLL\CL_DLL\RELEASE\TRIPMINE.OBJ
C:\HL_SRC\OPENGG64\SRC_DLL\CL_DLL\RELEASE\SQUEAKGRENADE.OBJ
C:\HL_SRC\OPENGG64\SRC_DLL\CL_DLL\RELEASE\SHOTGUN.OBJ
C:\HL_SRC\OPENGG64\SRC_DLL\CL_DLL\RELEASE\SATCHEL.OBJ
C:\HL_SRC\OPENGG64\SRC_DLL\CL_DLL\RELEASE\RPG.OBJ
C:\HL_SRC\OPENGG64\SRC_DLL\CL_DLL\RELEASE\PYTHON.OBJ
C:\HL_SRC\OPENGG64\SRC_DLL\CL_DLL\RELEASE\MP5.OBJ
C:\HL_SRC\OPENGG64\SRC_DLL\CL_DLL\RELEASE\INTERFACE.OBJ
C:\HL_SRC\OPENGG64\SRC_DLL\CL_DLL\RELEASE\HORNETGUN.OBJ
C:\HL_SRC\OPENGG64\SRC_DLL\CL_DLL\RELEASE\HL_WPN_GLOCK.OBJ
C:\HL_SRC\OPENGG64\SRC_DLL\CL_DLL\RELEASE\HL_WEAPONS.OBJ
C:\HL_SRC\OPENGG64\SRC_DLL\CL_DLL\RELEASE\HL_OBJECTS.OBJ
C:\HL_SRC\OPENGG64\SRC_DLL\CL_DLL\RELEASE\HL_EVENTS.OBJ
C:\HL_SRC\OPENGG64\SRC_DLL\CL_DLL\RELEASE\HL_BASEENTITY.OBJ
C:\HL_SRC\OPENGG64\SRC_DLL\CL_DLL\RELEASE\VC110.PDB
C:\HL_SRC\OPENGG64\SRC_DLL\CL_DLL\RELEASE\PM_SHARED.OBJ
C:\HL_SRC\OPENGG64\SRC_DLL\CL_DLL\RELEASE\PM_MATH.OBJ
C:\HL_SRC\OPENGG64\SRC_DLL\CL_DLL\RELEASE\PM_DEBUG.OBJ
C:\hl_src\opengg64\src_dll\cl_dll\Release\client.lib
C:\hl_src\opengg64\src_dll\cl_dll\Release\client.exp
C:\hl_src\cl_dlls\client.dll
C:\HL_SRC\OPENGG64\SRC_DLL\CL_DLL\RELEASE\CLIENT.DLL
C:\HL_SRC\OPENGG64\SRC_DLL\CL_DLL\RELEASE\CLIENT.MAP
C:\HL_SRC\OPENGG64\SRC_DLL\CL_DLL\RELEASE\CL_DLL.RES
C:\hl_src\opengg64\src_dll\cl_dll\Release\ammo.obj
C:\hl_src\opengg64\src_dll\cl_dll\Release\ammohistory.obj
C:\hl_src\opengg64\src_dll\cl_dll\Release\ammo_secondary.obj
C:\hl_src\opengg64\src_dll\cl_dll\Release\battery.obj
C:\hl_src\opengg64\src_dll\cl_dll\Release\cdll_int.obj
C:\hl_src\opengg64\src_dll\cl_dll\Release\com_weapons.obj
C:\hl_src\opengg64\src_dll\cl_dll\Release\crossbow.obj
C:\hl_src\opengg64\src_dll\cl_dll\Release\crowbar.obj
C:\hl_src\opengg64\src_dll\cl_dll\Release\death.obj
C:\hl_src\opengg64\src_dll\cl_dll\Release\demo.obj
C:\hl_src\opengg64\src_dll\cl_dll\Release\egon.obj
C:\hl_src\opengg64\src_dll\cl_dll\Release\entity.obj
C:\hl_src\opengg64\src_dll\cl_dll\Release\events.obj
C:\hl_src\opengg64\src_dll\cl_dll\Release\ev_common.obj
C:\hl_src\opengg64\src_dll\cl_dll\Release\ev_hldm.obj
C:\hl_src\opengg64\src_dll\cl_dll\Release\flashlight.obj
C:\hl_src\opengg64\src_dll\cl_dll\Release\GameStudioModelRenderer.obj
C:\hl_src\opengg64\src_dll\cl_dll\Release\gauss.obj
C:\hl_src\opengg64\src_dll\cl_dll\Release\geiger.obj
C:\hl_src\opengg64\src_dll\cl_dll\Release\handgrenade.obj
C:\hl_src\opengg64\src_dll\cl_dll\Release\health.obj
C:\hl_src\opengg64\src_dll\cl_dll\Release\hl_baseentity.obj
C:\hl_src\opengg64\src_dll\cl_dll\Release\hl_events.obj
C:\hl_src\opengg64\src_dll\cl_dll\Release\hl_objects.obj
C:\hl_src\opengg64\src_dll\cl_dll\Release\hl_weapons.obj
C:\hl_src\opengg64\src_dll\cl_dll\Release\hl_wpn_glock.obj
C:\hl_src\opengg64\src_dll\cl_dll\Release\hornetgun.obj
C:\hl_src\opengg64\src_dll\cl_dll\Release\hud.obj
C:\hl_src\opengg64\src_dll\cl_dll\Release\hud_msg.obj
C:\hl_src\opengg64\src_dll\cl_dll\Release\hud_redraw.obj
C:\hl_src\opengg64\src_dll\cl_dll\Release\hud_servers.obj
C:\hl_src\opengg64\src_dll\cl_dll\Release\hud_spectator.obj
C:\hl_src\opengg64\src_dll\cl_dll\Release\hud_update.obj
C:\hl_src\opengg64\src_dll\cl_dll\Release\input.obj
C:\hl_src\opengg64\src_dll\cl_dll\Release\inputw32.obj
C:\hl_src\opengg64\src_dll\cl_dll\Release\interface.obj
C:\hl_src\opengg64\src_dll\cl_dll\Release\in_camera.obj
C:\hl_src\opengg64\src_dll\cl_dll\Release\menu.obj
C:\hl_src\opengg64\src_dll\cl_dll\Release\message.obj
C:\hl_src\opengg64\src_dll\cl_dll\Release\mp5.obj
C:\hl_src\opengg64\src_dll\cl_dll\Release\parsemsg.obj
C:\hl_src\opengg64\src_dll\cl_dll\Release\pm_debug.obj
C:\hl_src\opengg64\src_dll\cl_dll\Release\pm_math.obj
C:\hl_src\opengg64\src_dll\cl_dll\Release\pm_shared.obj
C:\hl_src\opengg64\src_dll\cl_dll\Release\python.obj
C:\hl_src\opengg64\src_dll\cl_dll\Release\rpg.obj
C:\hl_src\opengg64\src_dll\cl_dll\Release\satchel.obj
C:\hl_src\opengg64\src_dll\cl_dll\Release\saytext.obj
C:\hl_src\opengg64\src_dll\cl_dll\Release\shotgun.obj
C:\hl_src\opengg64\src_dll\cl_dll\Release\squeakgrenade.obj
C:\hl_src\opengg64\src_dll\cl_dll\Release\statusbar.obj
C:\hl_src\opengg64\src_dll\cl_dll\Release\status_icons.obj
C:\hl_src\opengg64\src_dll\cl_dll\Release\StudioModelRenderer.obj
C:\hl_src\opengg64\src_dll\cl_dll\Release\studio_util.obj
C:\hl_src\opengg64\src_dll\cl_dll\Release\text_message.obj
C:\hl_src\opengg64\src_dll\cl_dll\Release\train.obj
C:\hl_src\opengg64\src_dll\cl_dll\Release\tri.obj
C:\hl_src\opengg64\src_dll\cl_dll\Release\tripmine.obj
C:\hl_src\opengg64\src_dll\cl_dll\Release\util.obj
C:\hl_src\opengg64\src_dll\cl_dll\Release\vgui_checkbutton2.obj
C:\hl_src\opengg64\src_dll\cl_dll\Release\vgui_ClassMenu.obj
C:\hl_src\opengg64\src_dll\cl_dll\Release\vgui_ConsolePanel.obj
C:\hl_src\opengg64\src_dll\cl_dll\Release\vgui_ControlConfigPanel.obj
C:\hl_src\opengg64\src_dll\cl_dll\Release\vgui_CustomObjects.obj
C:\hl_src\opengg64\src_dll\cl_dll\Release\vgui_grid.obj
C:\hl_src\opengg64\src_dll\cl_dll\Release\vgui_helpers.obj
C:\hl_src\opengg64\src_dll\cl_dll\Release\vgui_int.obj
C:\hl_src\opengg64\src_dll\cl_dll\Release\vgui_listbox.obj
C:\hl_src\opengg64\src_dll\cl_dll\Release\vgui_loadtga.obj
C:\hl_src\opengg64\src_dll\cl_dll\Release\vgui_MOTDWindow.obj
C:\hl_src\opengg64\src_dll\cl_dll\Release\vgui_SchemeManager.obj
C:\hl_src\opengg64\src_dll\cl_dll\Release\vgui_ScorePanel.obj
C:\hl_src\opengg64\src_dll\cl_dll\Release\vgui_scrollbar2.obj
C:\hl_src\opengg64\src_dll\cl_dll\Release\vgui_ServerBrowser.obj
C:\hl_src\opengg64\src_dll\cl_dll\Release\vgui_slider2.obj
C:\hl_src\opengg64\src_dll\cl_dll\Release\vgui_SpectatorPanel.obj
C:\hl_src\opengg64\src_dll\cl_dll\Release\vgui_TeamFortressViewport.obj
C:\hl_src\opengg64\src_dll\cl_dll\Release\vgui_teammenu.obj
C:\hl_src\opengg64\src_dll\cl_dll\Release\view.obj
C:\hl_src\opengg64\src_dll\cl_dll\Release\voice_banmgr.obj
C:\hl_src\opengg64\src_dll\cl_dll\Release\voice_status.obj
C:\hl_src\opengg64\src_dll\cl_dll\Release\cl.command.1.tlog
C:\hl_src\opengg64\src_dll\cl_dll\Release\CL.read.1.tlog
C:\hl_src\opengg64\src_dll\cl_dll\Release\CL.write.1.tlog
C:\hl_src\opengg64\src_dll\cl_dll\Release\cl_dll.write.1.tlog
C:\hl_src\opengg64\src_dll\cl_dll\Release\link-cvtres.read.1.tlog
C:\hl_src\opengg64\src_dll\cl_dll\Release\link-cvtres.write.1.tlog
C:\hl_src\opengg64\src_dll\cl_dll\Release\link-rc.read.1.tlog
C:\hl_src\opengg64\src_dll\cl_dll\Release\link-rc.write.1.tlog
C:\hl_src\opengg64\src_dll\cl_dll\Release\link.command.1.tlog
C:\hl_src\opengg64\src_dll\cl_dll\Release\link.read.1.tlog
C:\hl_src\opengg64\src_dll\cl_dll\Release\link.write.1.tlog
C:\hl_src\opengg64\src_dll\cl_dll\Release\rc.command.1.tlog
C:\hl_src\opengg64\src_dll\cl_dll\Release\rc.read.1.tlog
C:\hl_src\opengg64\src_dll\cl_dll\Release\rc.write.1.tlog
C:\hl_src\opengg64\src_dll\cl_dll\Release\cl_dll.res
C:\hl_src\opengg64\src_dll\cl_dll\Release\vc110.pdb
